<?xml version="1.0" encoding="UTF-8"?>
<!-- Generated by org.testng.reporters.JUnitReportReporter -->
<testsuite hostname="DESKTOP-EVK9GMC" failures="0" tests="1" name="jenkins.Test0" time="0.037" errors="0" timestamp="02 Feb 2021 02:19:57 GMT" skipped="0">
  <testcase classname="jenkins.Test0" name="demo" time="0.037"/>
</testsuite> <!-- jenkins.Test0 -->
